Summary of SPARK analysis
=========================

---------------------------------------------------------------------------------------------------------
SPARK Analysis results        Total        Flow   Interval   CodePeer      Provers   Justified   Unproved
---------------------------------------------------------------------------------------------------------
Data Dependencies                 .           .          .          .            .           .          .
Flow Dependencies                 .           .          .          .            .           .          .
Initialization                   10          10          .          .            .           .          .
Non-Aliasing                      .           .          .          .            .           .          .
Run-time Checks                  19           .          .          .    19 (CVC4)           .          .
Assertions                        8           .          .          .     8 (CVC4)           .          .
Functional Contracts              1           .          .          .     1 (CVC4)           .          .
LSP Verification                  .           .          .          .            .           .          .
---------------------------------------------------------------------------------------------------------
Total                            38    10 (26%)          .          .     28 (74%)           .          .


Analyzed 2 units
in unit main, 0 subprograms and packages out of 1 analyzed
  Main at main.adb:4 skipped
in unit max2, 2 subprograms and packages out of 2 analyzed
  Max2 at max2.ads:1 flow analyzed (0 errors, 0 checks and 0 warnings) and proved (0 checks)
  Max2.FindMax2 at max2.ads:3 flow analyzed (0 errors, 0 checks and 0 warnings) and proved (28 checks)
