max2.adb:6:26: info: range check proved[#14]
max2.adb:6:29: info: index check proved[#22]
max2.adb:13:24: info: overflow check proved[#24]
max2.adb:17:16: info: index check proved[#25]
max2.adb:17:21: info: initialization of "First" proved[#0]
max2.adb:18:23: info: initialization of "First" proved[#1]
max2.adb:19:24: info: index check proved[#33]
max2.adb:20:19: info: index check proved[#30]
max2.adb:20:37: info: index check proved[#34]
max2.adb:20:43: info: initialization of "First" proved[#3]
max2.adb:21:13: info: initialization of "Second" proved[#2]
max2.adb:21:25: info: index check proved[#17]
max2.adb:23:33: info: loop invariant preservation proved[#26]
max2.adb:23:33: info: loop invariant initialization proved[#29]
max2.adb:23:64: info: initialization of "First" proved[#4]
max2.adb:23:74: info: index check proved[#19]
max2.adb:24:32: info: initialization of "Second" proved[#5]
max2.adb:24:32: info: loop invariant preservation proved[#36]
max2.adb:24:32: info: loop invariant initialization proved[#37]
max2.adb:24:89: info: index check proved[#21]
max2.adb:25:32: info: loop invariant preservation proved[#31]
max2.adb:25:32: info: loop invariant initialization proved[#35]
max2.adb:25:64: info: index check proved[#23]
max2.adb:25:70: info: initialization of "First" proved[#6]
max2.adb:26:33: info: loop invariant preservation proved[#11]
max2.adb:26:33: info: loop invariant initialization proved[#15]
max2.adb:26:71: info: index check proved[#27]
max2.adb:26:76: info: initialization of "Second" proved[#7]
max2.adb:26:91: info: index check proved[#20]
max2.adb:26:96: info: initialization of "First" proved[#8]
max2.adb:30:17: info: initialization of "Second" proved[#9]
max2.ads:6:10: info: postcondition proved[#32]
max2.ads:8:51: info: index check proved[#10]
max2.ads:12:43: info: index check proved[#13]
max2.ads:12:50: info: index check proved[#12]
max2.ads:15:20: info: index check proved[#16]
max2.ads:16:44: info: index check proved[#18]
max2.ads:16:52: info: index check proved[#28]
