Summary of SPARK analysis
=========================

--------------------------------------------------------------------------------------------------------
SPARK Analysis results        Total       Flow   Interval   CodePeer      Provers   Justified   Unproved
--------------------------------------------------------------------------------------------------------
Data Dependencies                 .          .          .          .            .           .          .
Flow Dependencies                 .          .          .          .            .           .          .
Initialization                    3          3          .          .            .           .          .
Non-Aliasing                      .          .          .          .            .           .          .
Run-time Checks                  13          .          .          .    13 (CVC4)           .          .
Assertions                        2          .          .          .     2 (CVC4)           .          .
Functional Contracts              1          .          .          .     1 (CVC4)           .          .
LSP Verification                  .          .          .          .            .           .          .
--------------------------------------------------------------------------------------------------------
Total                            19    3 (16%)          .          .     16 (84%)           .          .


Analyzed 2 units
in unit main, 0 subprograms and packages out of 1 analyzed
  Main at main.adb:3 skipped
in unit srev, 1 subprograms and packages out of 1 analyzed
  SRev.Rev at srev.ads:3 flow analyzed (0 errors, 0 checks and 0 warnings) and proved (16 checks)
