Summary of SPARK analysis
=========================

------------------------------------------------------------------------------------------------------------------------
SPARK Analysis results        Total       Flow   Interval   CodePeer                      Provers   Justified   Unproved
------------------------------------------------------------------------------------------------------------------------
Data Dependencies                 .          .          .          .                            .           .          .
Flow Dependencies                 .          .          .          .                            .           .          .
Initialization                    7          7          .          .                            .           .          .
Non-Aliasing                      .          .          .          .                            .           .          .
Run-time Checks                  11          .          .          .                     5 (CVC4)           .          6
Assertions                        3          .          .          .    3 (CVC4 33%, altergo 67%)           .          .
Functional Contracts              1          .          .          .                     1 (CVC4)           .          .
LSP Verification                  .          .          .          .                            .           .          .
------------------------------------------------------------------------------------------------------------------------
Total                            22    7 (32%)          .          .                      9 (41%)           .    6 (27%)


Analyzed 2 units
in unit main, 0 subprograms and packages out of 1 analyzed
  Main at main.adb:3 skipped
in unit poly, 2 subprograms and packages out of 2 analyzed
  Poly at poly.ads:1 flow analyzed (0 errors, 0 checks and 0 warnings) and proved (0 checks)
  Poly.Horner at poly.ads:5 flow analyzed (0 errors, 0 checks and 0 warnings) and not proved, 9 checks out of 15 proved
