smallest_factor.adb:1:49: info: initialization of "Factor" proved[#0]
smallest_factor.adb:4:14: info: postcondition proved[#10]
smallest_factor.adb:4:15: info: initialization of "Factor" proved[#1]
smallest_factor.adb:5:13: info: division check proved[#18]
smallest_factor.adb:6:13: info: division check proved[#17]
smallest_factor.adb:7:45: info: division check proved[#19]
smallest_factor.adb:14:16: info: division check proved[#11]
smallest_factor.adb:14:20: info: initialization of "Factor" proved[#5]
smallest_factor.adb:17:13: info: initialization of "Factor" proved[#2]
smallest_factor.adb:17:13: info: loop invariant preservation proved[#13]
smallest_factor.adb:17:13: info: loop invariant initialization proved[#14]
smallest_factor.adb:20:13: info: loop invariant preservation proved[#7]
smallest_factor.adb:20:13: info: loop invariant initialization proved[#8]
smallest_factor.adb:20:31: info: initialization of "Factor" proved[#3]
smallest_factor.adb:20:44: info: division check proved[#15]
smallest_factor.adb:22:20: info: initialization of "Factor" proved[#4]
smallest_factor.adb:22:27: info: overflow check proved[#9]
smallest_factor.adb:26:12: info: division check proved[#12]
smallest_factor.adb:26:12: info: range check proved[#16]
smallest_factor.adb:26:14: info: initialization of "Factor" proved[#6]
