Summary of SPARK analysis
=========================

------------------------------------------------------------------------------------------------------
SPARK Analysis results        Total      Flow   Interval   CodePeer     Provers   Justified   Unproved
------------------------------------------------------------------------------------------------------
Data Dependencies                 .         .          .          .           .           .          .
Flow Dependencies                 .         .          .          .           .           .          .
Initialization                    .         .          .          .           .           .          .
Non-Aliasing                      .         .          .          .           .           .          .
Run-time Checks                   4         .          .          .    4 (CVC4)           .          .
Assertions                        2         .          .          .    2 (CVC4)           .          .
Functional Contracts              1         .          .          .    1 (CVC4)           .          .
LSP Verification                  .         .          .          .           .           .          .
------------------------------------------------------------------------------------------------------
Total                             7         .          .          .    7 (100%)           .          .


Analyzed 2 units
in unit main, 0 subprograms and packages out of 1 analyzed
  Main at main.adb:4 skipped
in unit prime, 1 subprograms and packages out of 1 analyzed
  Prime.IsPrime at prime.ads:3 flow analyzed (0 errors, 0 checks and 0 warnings) and proved (7 checks)
