emulator.adb:12:18: info: assertion proved[#31]
emulator.adb:12:19: info: initialization of "AB" proved[#0]
emulator.adb:12:22: info: overflow check proved[#36]
emulator.adb:12:25: info: initialization of "B1" proved[#2]
emulator.adb:12:28: info: overflow check proved[#24]
emulator.adb:12:30: info: initialization of "AA" proved[#1]
emulator.adb:12:39: info: overflow check proved[#42]
emulator.adb:13:13: info: initialization of "B1" proved[#14]
emulator.adb:14:26: info: loop invariant preservation proved[#21]
emulator.adb:14:26: info: loop invariant initialization proved[#23]
emulator.adb:14:27: info: initialization of "AB" proved[#3]
emulator.adb:14:30: info: overflow check proved[#32]
emulator.adb:14:33: info: initialization of "B1" proved[#5]
emulator.adb:14:36: info: overflow check proved[#20]
emulator.adb:14:38: info: initialization of "AA" proved[#4]
emulator.adb:14:47: info: overflow check proved[#29]
emulator.adb:15:11: info: initialization of "B1" proved[#6]
emulator.adb:15:14: info: division check proved[#27]
emulator.adb:16:16: info: initialization of "AB" proved[#7]
emulator.adb:16:19: info: overflow check proved[#34]
emulator.adb:16:21: info: initialization of "AA" proved[#8]
emulator.adb:18:18: info: range check proved[#28]
emulator.adb:18:18: info: overflow check proved[#30]
emulator.adb:18:20: info: initialization of "AA" proved[#9]
emulator.adb:19:16: info: initialization of "B1" proved[#10]
emulator.adb:19:19: info: division check proved[#35]
emulator.adb:20:18: info: assertion proved[#19]
emulator.adb:20:19: info: initialization of "AB" proved[#11]
emulator.adb:20:22: info: overflow check proved[#26]
emulator.adb:20:25: info: initialization of "B1" proved[#13]
emulator.adb:20:28: info: overflow check proved[#22]
emulator.adb:20:30: info: initialization of "AA" proved[#12]
emulator.adb:20:39: info: overflow check proved[#25]
emulator.adb:23:17: info: assertion proved[#40]
emulator.adb:23:18: info: initialization of "AB" proved[#15]
emulator.adb:23:21: info: overflow check proved[#39]
emulator.adb:23:24: info: initialization of "B1" proved[#17]
emulator.adb:23:27: info: overflow check proved[#37]
emulator.adb:23:29: info: initialization of "AA" proved[#16]
emulator.adb:23:38: info: overflow check proved[#38]
emulator.adb:24:09: info: initialization of "AB" proved[#18]
emulator.ads:7:10: info: postcondition proved[#41]
emulator.ads:7:26: info: overflow check proved[#33]
