Summary of SPARK analysis
=========================

---------------------------------------------------------------------------------------------------------
SPARK Analysis results        Total        Flow   Interval   CodePeer      Provers   Justified   Unproved
---------------------------------------------------------------------------------------------------------
Data Dependencies                 .           .          .          .            .           .          .
Flow Dependencies                 .           .          .          .            .           .          .
Initialization                   19          19          .          .            .           .          .
Non-Aliasing                      .           .          .          .            .           .          .
Run-time Checks                  18           .          .          .    18 (CVC4)           .          .
Assertions                        5           .          .          .     5 (CVC4)           .          .
Functional Contracts              1           .          .          .     1 (CVC4)           .          .
LSP Verification                  .           .          .          .            .           .          .
---------------------------------------------------------------------------------------------------------
Total                            43    19 (44%)          .          .     24 (56%)           .          .


Analyzed 2 units
in unit emulator, 1 subprograms and packages out of 1 analyzed
  Emulator.Mult at emulator.ads:3 flow analyzed (0 errors, 0 checks and 0 warnings) and proved (24 checks)
in unit main, 0 subprograms and packages out of 1 analyzed
  Main at main.adb:3 skipped
